2014/06/12 15:01:23 [warning] [application] Failed to set unsafe attribute "mobile" of "Ads".
in C:\xampp\htdocs\vatthela\backend\protected\modules\Ads\controllers\AdsController.php (72)
in C:\xampp\htdocs\vatthela\backend\index.php (25)
2014/06/12 15:01:23 [warning] [application] Failed to set unsafe attribute "title" of "Ads".
in C:\xampp\htdocs\vatthela\backend\protected\modules\Ads\controllers\AdsController.php (72)
in C:\xampp\htdocs\vatthela\backend\index.php (25)
2014/06/12 15:01:23 [warning] [application] Failed to set unsafe attribute "image" of "Ads".
in C:\xampp\htdocs\vatthela\backend\protected\modules\Ads\controllers\AdsController.php (72)
in C:\xampp\htdocs\vatthela\backend\index.php (25)
2014/06/12 15:01:23 [warning] [application] Failed to set unsafe attribute "width" of "Ads".
in C:\xampp\htdocs\vatthela\backend\protected\modules\Ads\controllers\AdsController.php (72)
in C:\xampp\htdocs\vatthela\backend\index.php (25)
2014/06/12 15:01:23 [warning] [application] Failed to set unsafe attribute "height" of "Ads".
in C:\xampp\htdocs\vatthela\backend\protected\modules\Ads\controllers\AdsController.php (72)
in C:\xampp\htdocs\vatthela\backend\index.php (25)
2014/06/12 15:01:23 [warning] [application] Failed to set unsafe attribute "alt" of "Ads".
in C:\xampp\htdocs\vatthela\backend\protected\modules\Ads\controllers\AdsController.php (72)
in C:\xampp\htdocs\vatthela\backend\index.php (25)
2014/06/12 15:01:23 [warning] [application] Failed to set unsafe attribute "url_link" of "Ads".
in C:\xampp\htdocs\vatthela\backend\protected\modules\Ads\controllers\AdsController.php (72)
in C:\xampp\htdocs\vatthela\backend\index.php (25)
2014/06/12 15:01:23 [warning] [application] Failed to set unsafe attribute "html" of "Ads".
in C:\xampp\htdocs\vatthela\backend\protected\modules\Ads\controllers\AdsController.php (72)
in C:\xampp\htdocs\vatthela\backend\index.php (25)
2014/06/12 15:03:16 [warning] [application] Failed to set unsafe attribute "mobile" of "Ads".
in C:\xampp\htdocs\vatthela\backend\protected\modules\Ads\controllers\AdsController.php (72)
in C:\xampp\htdocs\vatthela\backend\index.php (25)
2014/06/12 15:03:16 [warning] [application] Failed to set unsafe attribute "title" of "Ads".
in C:\xampp\htdocs\vatthela\backend\protected\modules\Ads\controllers\AdsController.php (72)
in C:\xampp\htdocs\vatthela\backend\index.php (25)
2014/06/12 15:03:16 [warning] [application] Failed to set unsafe attribute "image" of "Ads".
in C:\xampp\htdocs\vatthela\backend\protected\modules\Ads\controllers\AdsController.php (72)
in C:\xampp\htdocs\vatthela\backend\index.php (25)
2014/06/12 15:03:16 [warning] [application] Failed to set unsafe attribute "width" of "Ads".
in C:\xampp\htdocs\vatthela\backend\protected\modules\Ads\controllers\AdsController.php (72)
in C:\xampp\htdocs\vatthela\backend\index.php (25)
2014/06/12 15:03:16 [warning] [application] Failed to set unsafe attribute "height" of "Ads".
in C:\xampp\htdocs\vatthela\backend\protected\modules\Ads\controllers\AdsController.php (72)
in C:\xampp\htdocs\vatthela\backend\index.php (25)
2014/06/12 15:03:16 [warning] [application] Failed to set unsafe attribute "alt" of "Ads".
in C:\xampp\htdocs\vatthela\backend\protected\modules\Ads\controllers\AdsController.php (72)
in C:\xampp\htdocs\vatthela\backend\index.php (25)
2014/06/12 15:03:16 [warning] [application] Failed to set unsafe attribute "url_link" of "Ads".
in C:\xampp\htdocs\vatthela\backend\protected\modules\Ads\controllers\AdsController.php (72)
in C:\xampp\htdocs\vatthela\backend\index.php (25)
2014/06/12 15:03:16 [warning] [application] Failed to set unsafe attribute "html" of "Ads".
in C:\xampp\htdocs\vatthela\backend\protected\modules\Ads\controllers\AdsController.php (72)
in C:\xampp\htdocs\vatthela\backend\index.php (25)
2014/06/12 15:03:25 [warning] [application] Failed to set unsafe attribute "mobile" of "Ads".
in C:\xampp\htdocs\vatthela\backend\protected\modules\Ads\controllers\AdsController.php (72)
in C:\xampp\htdocs\vatthela\backend\index.php (25)
2014/06/12 15:03:25 [warning] [application] Failed to set unsafe attribute "title" of "Ads".
in C:\xampp\htdocs\vatthela\backend\protected\modules\Ads\controllers\AdsController.php (72)
in C:\xampp\htdocs\vatthela\backend\index.php (25)
2014/06/12 15:03:25 [warning] [application] Failed to set unsafe attribute "image" of "Ads".
in C:\xampp\htdocs\vatthela\backend\protected\modules\Ads\controllers\AdsController.php (72)
in C:\xampp\htdocs\vatthela\backend\index.php (25)
2014/06/12 15:03:25 [warning] [application] Failed to set unsafe attribute "width" of "Ads".
in C:\xampp\htdocs\vatthela\backend\protected\modules\Ads\controllers\AdsController.php (72)
in C:\xampp\htdocs\vatthela\backend\index.php (25)
2014/06/12 15:03:25 [warning] [application] Failed to set unsafe attribute "height" of "Ads".
in C:\xampp\htdocs\vatthela\backend\protected\modules\Ads\controllers\AdsController.php (72)
in C:\xampp\htdocs\vatthela\backend\index.php (25)
2014/06/12 15:03:25 [warning] [application] Failed to set unsafe attribute "alt" of "Ads".
in C:\xampp\htdocs\vatthela\backend\protected\modules\Ads\controllers\AdsController.php (72)
in C:\xampp\htdocs\vatthela\backend\index.php (25)
2014/06/12 15:03:25 [warning] [application] Failed to set unsafe attribute "url_link" of "Ads".
in C:\xampp\htdocs\vatthela\backend\protected\modules\Ads\controllers\AdsController.php (72)
in C:\xampp\htdocs\vatthela\backend\index.php (25)
2014/06/12 15:03:25 [warning] [application] Failed to set unsafe attribute "html" of "Ads".
in C:\xampp\htdocs\vatthela\backend\protected\modules\Ads\controllers\AdsController.php (72)
in C:\xampp\htdocs\vatthela\backend\index.php (25)
2014/06/12 15:06:53 [warning] [application] Failed to set unsafe attribute "mobile" of "Ads".
in C:\xampp\htdocs\vatthela\backend\protected\modules\Ads\controllers\AdsController.php (72)
in C:\xampp\htdocs\vatthela\backend\index.php (25)
2014/06/12 15:06:53 [warning] [application] Failed to set unsafe attribute "title" of "Ads".
in C:\xampp\htdocs\vatthela\backend\protected\modules\Ads\controllers\AdsController.php (72)
in C:\xampp\htdocs\vatthela\backend\index.php (25)
2014/06/12 15:06:53 [warning] [application] Failed to set unsafe attribute "image" of "Ads".
in C:\xampp\htdocs\vatthela\backend\protected\modules\Ads\controllers\AdsController.php (72)
in C:\xampp\htdocs\vatthela\backend\index.php (25)
2014/06/12 15:06:53 [warning] [application] Failed to set unsafe attribute "width" of "Ads".
in C:\xampp\htdocs\vatthela\backend\protected\modules\Ads\controllers\AdsController.php (72)
in C:\xampp\htdocs\vatthela\backend\index.php (25)
2014/06/12 15:06:53 [warning] [application] Failed to set unsafe attribute "height" of "Ads".
in C:\xampp\htdocs\vatthela\backend\protected\modules\Ads\controllers\AdsController.php (72)
in C:\xampp\htdocs\vatthela\backend\index.php (25)
2014/06/12 15:06:53 [warning] [application] Failed to set unsafe attribute "alt" of "Ads".
in C:\xampp\htdocs\vatthela\backend\protected\modules\Ads\controllers\AdsController.php (72)
in C:\xampp\htdocs\vatthela\backend\index.php (25)
2014/06/12 15:06:53 [warning] [application] Failed to set unsafe attribute "url_link" of "Ads".
in C:\xampp\htdocs\vatthela\backend\protected\modules\Ads\controllers\AdsController.php (72)
in C:\xampp\htdocs\vatthela\backend\index.php (25)
2014/06/12 15:06:53 [warning] [application] Failed to set unsafe attribute "html" of "Ads".
in C:\xampp\htdocs\vatthela\backend\protected\modules\Ads\controllers\AdsController.php (72)
in C:\xampp\htdocs\vatthela\backend\index.php (25)
2014/06/12 15:11:07 [warning] [application] Failed to set unsafe attribute "mobile" of "Ads".
in C:\xampp\htdocs\vatthela\backend\protected\modules\Ads\controllers\AdsController.php (72)
in C:\xampp\htdocs\vatthela\backend\index.php (26)
2014/06/12 15:11:07 [warning] [application] Failed to set unsafe attribute "title" of "Ads".
in C:\xampp\htdocs\vatthela\backend\protected\modules\Ads\controllers\AdsController.php (72)
in C:\xampp\htdocs\vatthela\backend\index.php (26)
2014/06/12 15:11:07 [warning] [application] Failed to set unsafe attribute "image" of "Ads".
in C:\xampp\htdocs\vatthela\backend\protected\modules\Ads\controllers\AdsController.php (72)
in C:\xampp\htdocs\vatthela\backend\index.php (26)
2014/06/12 15:11:07 [warning] [application] Failed to set unsafe attribute "width" of "Ads".
in C:\xampp\htdocs\vatthela\backend\protected\modules\Ads\controllers\AdsController.php (72)
in C:\xampp\htdocs\vatthela\backend\index.php (26)
2014/06/12 15:11:07 [warning] [application] Failed to set unsafe attribute "height" of "Ads".
in C:\xampp\htdocs\vatthela\backend\protected\modules\Ads\controllers\AdsController.php (72)
in C:\xampp\htdocs\vatthela\backend\index.php (26)
2014/06/12 15:11:07 [warning] [application] Failed to set unsafe attribute "alt" of "Ads".
in C:\xampp\htdocs\vatthela\backend\protected\modules\Ads\controllers\AdsController.php (72)
in C:\xampp\htdocs\vatthela\backend\index.php (26)
2014/06/12 15:11:07 [warning] [application] Failed to set unsafe attribute "url_link" of "Ads".
in C:\xampp\htdocs\vatthela\backend\protected\modules\Ads\controllers\AdsController.php (72)
in C:\xampp\htdocs\vatthela\backend\index.php (26)
2014/06/12 15:11:07 [warning] [application] Failed to set unsafe attribute "html" of "Ads".
in C:\xampp\htdocs\vatthela\backend\protected\modules\Ads\controllers\AdsController.php (72)
in C:\xampp\htdocs\vatthela\backend\index.php (26)
2014/06/12 15:11:07 [error] [php] chmod(): No such file or directory (C:\xampp\htdocs\vatthela\backend\protected\extensions\image\Image.php:339)
Stack trace:
#0 C:\xampp\htdocs\vatthela\framework\web\actions\CInlineAction.php(49): AdsController->actionCreate()
#1 C:\xampp\htdocs\vatthela\framework\web\CController.php(308): CInlineAction->runWithParams()
#2 C:\xampp\htdocs\vatthela\framework\web\filters\CFilterChain.php(133): AdsController->runAction()
#3 C:\xampp\htdocs\vatthela\framework\web\filters\CFilter.php(40): CFilterChain->run()
#4 C:\xampp\htdocs\vatthela\framework\web\CController.php(1145): CAccessControlFilter->filter()
#5 C:\xampp\htdocs\vatthela\framework\web\filters\CInlineFilter.php(58): AdsController->filterAccessControl()
#6 C:\xampp\htdocs\vatthela\framework\web\filters\CFilterChain.php(130): CInlineFilter->filter()
#7 C:\xampp\htdocs\vatthela\framework\web\CController.php(291): CFilterChain->run()
#8 C:\xampp\htdocs\vatthela\framework\web\CController.php(265): AdsController->runActionWithFilters()
#9 C:\xampp\htdocs\vatthela\framework\web\CWebApplication.php(282): AdsController->run()
#10 C:\xampp\htdocs\vatthela\framework\web\CWebApplication.php(141): CWebApplication->runController()
#11 C:\xampp\htdocs\vatthela\framework\base\CApplication.php(180): CWebApplication->processRequest()
#12 C:\xampp\htdocs\vatthela\backend\index.php(26): CWebApplication->run()
REQUEST_URI=/vatthela/backend/index.php?r=Ads/ads/create
in C:\xampp\htdocs\vatthela\backend\protected\extensions\image\Image.php (339)
in C:\xampp\htdocs\vatthela\backend\protected\modules\Ads\controllers\AdsController.php (95)
in C:\xampp\htdocs\vatthela\backend\index.php (26)
2014/06/12 15:15:35 [warning] [application] Failed to set unsafe attribute "mobile" of "Ads".
in C:\xampp\htdocs\vatthela\backend\protected\modules\Ads\controllers\AdsController.php (72)
in C:\xampp\htdocs\vatthela\backend\index.php (26)
2014/06/12 15:15:35 [warning] [application] Failed to set unsafe attribute "title" of "Ads".
in C:\xampp\htdocs\vatthela\backend\protected\modules\Ads\controllers\AdsController.php (72)
in C:\xampp\htdocs\vatthela\backend\index.php (26)
2014/06/12 15:15:35 [warning] [application] Failed to set unsafe attribute "image" of "Ads".
in C:\xampp\htdocs\vatthela\backend\protected\modules\Ads\controllers\AdsController.php (72)
in C:\xampp\htdocs\vatthela\backend\index.php (26)
2014/06/12 15:15:35 [warning] [application] Failed to set unsafe attribute "width" of "Ads".
in C:\xampp\htdocs\vatthela\backend\protected\modules\Ads\controllers\AdsController.php (72)
in C:\xampp\htdocs\vatthela\backend\index.php (26)
2014/06/12 15:15:35 [warning] [application] Failed to set unsafe attribute "height" of "Ads".
in C:\xampp\htdocs\vatthela\backend\protected\modules\Ads\controllers\AdsController.php (72)
in C:\xampp\htdocs\vatthela\backend\index.php (26)
2014/06/12 15:15:35 [warning] [application] Failed to set unsafe attribute "alt" of "Ads".
in C:\xampp\htdocs\vatthela\backend\protected\modules\Ads\controllers\AdsController.php (72)
in C:\xampp\htdocs\vatthela\backend\index.php (26)
2014/06/12 15:15:35 [warning] [application] Failed to set unsafe attribute "url_link" of "Ads".
in C:\xampp\htdocs\vatthela\backend\protected\modules\Ads\controllers\AdsController.php (72)
in C:\xampp\htdocs\vatthela\backend\index.php (26)
2014/06/12 15:15:35 [warning] [application] Failed to set unsafe attribute "html" of "Ads".
in C:\xampp\htdocs\vatthela\backend\protected\modules\Ads\controllers\AdsController.php (72)
in C:\xampp\htdocs\vatthela\backend\index.php (26)
2014/06/12 15:15:35 [error] [php] mkdir(): No such file or directory (C:\xampp\htdocs\vatthela\backend\protected\config\globals.php:36)
Stack trace:
#0 C:\xampp\htdocs\vatthela\framework\web\actions\CInlineAction.php(49): AdsController->actionCreate()
#1 C:\xampp\htdocs\vatthela\framework\web\CController.php(308): CInlineAction->runWithParams()
#2 C:\xampp\htdocs\vatthela\framework\web\filters\CFilterChain.php(133): AdsController->runAction()
#3 C:\xampp\htdocs\vatthela\framework\web\filters\CFilter.php(40): CFilterChain->run()
#4 C:\xampp\htdocs\vatthela\framework\web\CController.php(1145): CAccessControlFilter->filter()
#5 C:\xampp\htdocs\vatthela\framework\web\filters\CInlineFilter.php(58): AdsController->filterAccessControl()
#6 C:\xampp\htdocs\vatthela\framework\web\filters\CFilterChain.php(130): CInlineFilter->filter()
#7 C:\xampp\htdocs\vatthela\framework\web\CController.php(291): CFilterChain->run()
#8 C:\xampp\htdocs\vatthela\framework\web\CController.php(265): AdsController->runActionWithFilters()
#9 C:\xampp\htdocs\vatthela\framework\web\CWebApplication.php(282): AdsController->run()
#10 C:\xampp\htdocs\vatthela\framework\web\CWebApplication.php(141): CWebApplication->runController()
#11 C:\xampp\htdocs\vatthela\framework\base\CApplication.php(180): CWebApplication->processRequest()
#12 C:\xampp\htdocs\vatthela\backend\index.php(26): CWebApplication->run()
REQUEST_URI=/vatthela/backend/index.php?r=Ads/ads/create
in C:\xampp\htdocs\vatthela\backend\protected\config\globals.php (36)
in C:\xampp\htdocs\vatthela\backend\protected\modules\Ads\controllers\AdsController.php (90)
in C:\xampp\htdocs\vatthela\backend\index.php (26)
2014/06/12 15:16:07 [warning] [application] Failed to set unsafe attribute "mobile" of "Ads".
in C:\xampp\htdocs\vatthela\backend\protected\modules\Ads\controllers\AdsController.php (72)
in C:\xampp\htdocs\vatthela\backend\index.php (26)
2014/06/12 15:16:07 [warning] [application] Failed to set unsafe attribute "title" of "Ads".
in C:\xampp\htdocs\vatthela\backend\protected\modules\Ads\controllers\AdsController.php (72)
in C:\xampp\htdocs\vatthela\backend\index.php (26)
2014/06/12 15:16:07 [warning] [application] Failed to set unsafe attribute "image" of "Ads".
in C:\xampp\htdocs\vatthela\backend\protected\modules\Ads\controllers\AdsController.php (72)
in C:\xampp\htdocs\vatthela\backend\index.php (26)
2014/06/12 15:16:07 [warning] [application] Failed to set unsafe attribute "width" of "Ads".
in C:\xampp\htdocs\vatthela\backend\protected\modules\Ads\controllers\AdsController.php (72)
in C:\xampp\htdocs\vatthela\backend\index.php (26)
2014/06/12 15:16:07 [warning] [application] Failed to set unsafe attribute "height" of "Ads".
in C:\xampp\htdocs\vatthela\backend\protected\modules\Ads\controllers\AdsController.php (72)
in C:\xampp\htdocs\vatthela\backend\index.php (26)
2014/06/12 15:16:07 [warning] [application] Failed to set unsafe attribute "alt" of "Ads".
in C:\xampp\htdocs\vatthela\backend\protected\modules\Ads\controllers\AdsController.php (72)
in C:\xampp\htdocs\vatthela\backend\index.php (26)
2014/06/12 15:16:07 [warning] [application] Failed to set unsafe attribute "url_link" of "Ads".
in C:\xampp\htdocs\vatthela\backend\protected\modules\Ads\controllers\AdsController.php (72)
in C:\xampp\htdocs\vatthela\backend\index.php (26)
2014/06/12 15:16:07 [warning] [application] Failed to set unsafe attribute "html" of "Ads".
in C:\xampp\htdocs\vatthela\backend\protected\modules\Ads\controllers\AdsController.php (72)
in C:\xampp\htdocs\vatthela\backend\index.php (26)
2014/06/12 15:16:08 [error] [php] mkdir(): No such file or directory (C:\xampp\htdocs\vatthela\backend\protected\config\globals.php:36)
Stack trace:
#0 C:\xampp\htdocs\vatthela\framework\web\actions\CInlineAction.php(49): AdsController->actionCreate()
#1 C:\xampp\htdocs\vatthela\framework\web\CController.php(308): CInlineAction->runWithParams()
#2 C:\xampp\htdocs\vatthela\framework\web\filters\CFilterChain.php(133): AdsController->runAction()
#3 C:\xampp\htdocs\vatthela\framework\web\filters\CFilter.php(40): CFilterChain->run()
#4 C:\xampp\htdocs\vatthela\framework\web\CController.php(1145): CAccessControlFilter->filter()
#5 C:\xampp\htdocs\vatthela\framework\web\filters\CInlineFilter.php(58): AdsController->filterAccessControl()
#6 C:\xampp\htdocs\vatthela\framework\web\filters\CFilterChain.php(130): CInlineFilter->filter()
#7 C:\xampp\htdocs\vatthela\framework\web\CController.php(291): CFilterChain->run()
#8 C:\xampp\htdocs\vatthela\framework\web\CController.php(265): AdsController->runActionWithFilters()
#9 C:\xampp\htdocs\vatthela\framework\web\CWebApplication.php(282): AdsController->run()
#10 C:\xampp\htdocs\vatthela\framework\web\CWebApplication.php(141): CWebApplication->runController()
#11 C:\xampp\htdocs\vatthela\framework\base\CApplication.php(180): CWebApplication->processRequest()
#12 C:\xampp\htdocs\vatthela\backend\index.php(26): CWebApplication->run()
REQUEST_URI=/vatthela/backend/index.php?r=Ads/ads/create
in C:\xampp\htdocs\vatthela\backend\protected\config\globals.php (36)
in C:\xampp\htdocs\vatthela\backend\protected\modules\Ads\controllers\AdsController.php (90)
in C:\xampp\htdocs\vatthela\backend\index.php (26)
2014/06/12 15:18:39 [warning] [application] Failed to set unsafe attribute "mobile" of "Ads".
in C:\xampp\htdocs\vatthela\backend\protected\modules\Ads\controllers\AdsController.php (72)
in C:\xampp\htdocs\vatthela\backend\index.php (26)
2014/06/12 15:18:39 [warning] [application] Failed to set unsafe attribute "title" of "Ads".
in C:\xampp\htdocs\vatthela\backend\protected\modules\Ads\controllers\AdsController.php (72)
in C:\xampp\htdocs\vatthela\backend\index.php (26)
2014/06/12 15:18:39 [warning] [application] Failed to set unsafe attribute "image" of "Ads".
in C:\xampp\htdocs\vatthela\backend\protected\modules\Ads\controllers\AdsController.php (72)
in C:\xampp\htdocs\vatthela\backend\index.php (26)
2014/06/12 15:18:39 [warning] [application] Failed to set unsafe attribute "width" of "Ads".
in C:\xampp\htdocs\vatthela\backend\protected\modules\Ads\controllers\AdsController.php (72)
in C:\xampp\htdocs\vatthela\backend\index.php (26)
2014/06/12 15:18:39 [warning] [application] Failed to set unsafe attribute "height" of "Ads".
in C:\xampp\htdocs\vatthela\backend\protected\modules\Ads\controllers\AdsController.php (72)
in C:\xampp\htdocs\vatthela\backend\index.php (26)
2014/06/12 15:18:39 [warning] [application] Failed to set unsafe attribute "alt" of "Ads".
in C:\xampp\htdocs\vatthela\backend\protected\modules\Ads\controllers\AdsController.php (72)
in C:\xampp\htdocs\vatthela\backend\index.php (26)
2014/06/12 15:18:39 [warning] [application] Failed to set unsafe attribute "url_link" of "Ads".
in C:\xampp\htdocs\vatthela\backend\protected\modules\Ads\controllers\AdsController.php (72)
in C:\xampp\htdocs\vatthela\backend\index.php (26)
2014/06/12 15:18:39 [warning] [application] Failed to set unsafe attribute "html" of "Ads".
in C:\xampp\htdocs\vatthela\backend\protected\modules\Ads\controllers\AdsController.php (72)
in C:\xampp\htdocs\vatthela\backend\index.php (26)
2014/06/12 15:21:06 [warning] [application] Failed to set unsafe attribute "mobile" of "Ads".
in C:\xampp\htdocs\vatthela\backend\protected\modules\Ads\controllers\AdsController.php (72)
in C:\xampp\htdocs\vatthela\backend\index.php (26)
2014/06/12 15:21:06 [warning] [application] Failed to set unsafe attribute "title" of "Ads".
in C:\xampp\htdocs\vatthela\backend\protected\modules\Ads\controllers\AdsController.php (72)
in C:\xampp\htdocs\vatthela\backend\index.php (26)
2014/06/12 15:21:06 [warning] [application] Failed to set unsafe attribute "image" of "Ads".
in C:\xampp\htdocs\vatthela\backend\protected\modules\Ads\controllers\AdsController.php (72)
in C:\xampp\htdocs\vatthela\backend\index.php (26)
2014/06/12 15:21:06 [warning] [application] Failed to set unsafe attribute "width" of "Ads".
in C:\xampp\htdocs\vatthela\backend\protected\modules\Ads\controllers\AdsController.php (72)
in C:\xampp\htdocs\vatthela\backend\index.php (26)
2014/06/12 15:21:06 [warning] [application] Failed to set unsafe attribute "height" of "Ads".
in C:\xampp\htdocs\vatthela\backend\protected\modules\Ads\controllers\AdsController.php (72)
in C:\xampp\htdocs\vatthela\backend\index.php (26)
2014/06/12 15:21:06 [warning] [application] Failed to set unsafe attribute "alt" of "Ads".
in C:\xampp\htdocs\vatthela\backend\protected\modules\Ads\controllers\AdsController.php (72)
in C:\xampp\htdocs\vatthela\backend\index.php (26)
2014/06/12 15:21:06 [warning] [application] Failed to set unsafe attribute "url_link" of "Ads".
in C:\xampp\htdocs\vatthela\backend\protected\modules\Ads\controllers\AdsController.php (72)
in C:\xampp\htdocs\vatthela\backend\index.php (26)
2014/06/12 15:21:06 [warning] [application] Failed to set unsafe attribute "html" of "Ads".
in C:\xampp\htdocs\vatthela\backend\protected\modules\Ads\controllers\AdsController.php (72)
in C:\xampp\htdocs\vatthela\backend\index.php (26)
2014/06/12 15:25:42 [warning] [application] Failed to set unsafe attribute "mobile" of "Ads".
in C:\xampp\htdocs\vatthela\backend\protected\modules\Ads\controllers\AdsController.php (72)
in C:\xampp\htdocs\vatthela\backend\index.php (26)
2014/06/12 15:25:42 [warning] [application] Failed to set unsafe attribute "title" of "Ads".
in C:\xampp\htdocs\vatthela\backend\protected\modules\Ads\controllers\AdsController.php (72)
in C:\xampp\htdocs\vatthela\backend\index.php (26)
2014/06/12 15:25:42 [warning] [application] Failed to set unsafe attribute "image" of "Ads".
in C:\xampp\htdocs\vatthela\backend\protected\modules\Ads\controllers\AdsController.php (72)
in C:\xampp\htdocs\vatthela\backend\index.php (26)
2014/06/12 15:25:42 [warning] [application] Failed to set unsafe attribute "width" of "Ads".
in C:\xampp\htdocs\vatthela\backend\protected\modules\Ads\controllers\AdsController.php (72)
in C:\xampp\htdocs\vatthela\backend\index.php (26)
2014/06/12 15:25:42 [warning] [application] Failed to set unsafe attribute "height" of "Ads".
in C:\xampp\htdocs\vatthela\backend\protected\modules\Ads\controllers\AdsController.php (72)
in C:\xampp\htdocs\vatthela\backend\index.php (26)
2014/06/12 15:25:42 [warning] [application] Failed to set unsafe attribute "alt" of "Ads".
in C:\xampp\htdocs\vatthela\backend\protected\modules\Ads\controllers\AdsController.php (72)
in C:\xampp\htdocs\vatthela\backend\index.php (26)
2014/06/12 15:25:42 [warning] [application] Failed to set unsafe attribute "url_link" of "Ads".
in C:\xampp\htdocs\vatthela\backend\protected\modules\Ads\controllers\AdsController.php (72)
in C:\xampp\htdocs\vatthela\backend\index.php (26)
2014/06/12 15:25:42 [warning] [application] Failed to set unsafe attribute "html" of "Ads".
in C:\xampp\htdocs\vatthela\backend\protected\modules\Ads\controllers\AdsController.php (72)
in C:\xampp\htdocs\vatthela\backend\index.php (26)
2014/06/12 15:25:52 [warning] [application] Failed to set unsafe attribute "mobile" of "Ads".
in C:\xampp\htdocs\vatthela\backend\protected\modules\Ads\controllers\AdsController.php (72)
in C:\xampp\htdocs\vatthela\backend\index.php (26)
2014/06/12 15:25:52 [warning] [application] Failed to set unsafe attribute "title" of "Ads".
in C:\xampp\htdocs\vatthela\backend\protected\modules\Ads\controllers\AdsController.php (72)
in C:\xampp\htdocs\vatthela\backend\index.php (26)
2014/06/12 15:25:52 [warning] [application] Failed to set unsafe attribute "image" of "Ads".
in C:\xampp\htdocs\vatthela\backend\protected\modules\Ads\controllers\AdsController.php (72)
in C:\xampp\htdocs\vatthela\backend\index.php (26)
2014/06/12 15:25:52 [warning] [application] Failed to set unsafe attribute "width" of "Ads".
in C:\xampp\htdocs\vatthela\backend\protected\modules\Ads\controllers\AdsController.php (72)
in C:\xampp\htdocs\vatthela\backend\index.php (26)
2014/06/12 15:25:52 [warning] [application] Failed to set unsafe attribute "height" of "Ads".
in C:\xampp\htdocs\vatthela\backend\protected\modules\Ads\controllers\AdsController.php (72)
in C:\xampp\htdocs\vatthela\backend\index.php (26)
2014/06/12 15:25:52 [warning] [application] Failed to set unsafe attribute "alt" of "Ads".
in C:\xampp\htdocs\vatthela\backend\protected\modules\Ads\controllers\AdsController.php (72)
in C:\xampp\htdocs\vatthela\backend\index.php (26)
2014/06/12 15:25:52 [warning] [application] Failed to set unsafe attribute "url_link" of "Ads".
in C:\xampp\htdocs\vatthela\backend\protected\modules\Ads\controllers\AdsController.php (72)
in C:\xampp\htdocs\vatthela\backend\index.php (26)
2014/06/12 15:25:52 [warning] [application] Failed to set unsafe attribute "html" of "Ads".
in C:\xampp\htdocs\vatthela\backend\protected\modules\Ads\controllers\AdsController.php (72)
in C:\xampp\htdocs\vatthela\backend\index.php (26)
2014/06/12 15:27:03 [warning] [application] Failed to set unsafe attribute "mobile" of "Ads".
in C:\xampp\htdocs\vatthela\backend\protected\modules\Ads\controllers\AdsController.php (72)
in C:\xampp\htdocs\vatthela\backend\index.php (26)
2014/06/12 15:27:03 [warning] [application] Failed to set unsafe attribute "title" of "Ads".
in C:\xampp\htdocs\vatthela\backend\protected\modules\Ads\controllers\AdsController.php (72)
in C:\xampp\htdocs\vatthela\backend\index.php (26)
2014/06/12 15:27:03 [warning] [application] Failed to set unsafe attribute "image" of "Ads".
in C:\xampp\htdocs\vatthela\backend\protected\modules\Ads\controllers\AdsController.php (72)
in C:\xampp\htdocs\vatthela\backend\index.php (26)
2014/06/12 15:27:03 [warning] [application] Failed to set unsafe attribute "width" of "Ads".
in C:\xampp\htdocs\vatthela\backend\protected\modules\Ads\controllers\AdsController.php (72)
in C:\xampp\htdocs\vatthela\backend\index.php (26)
2014/06/12 15:27:03 [warning] [application] Failed to set unsafe attribute "height" of "Ads".
in C:\xampp\htdocs\vatthela\backend\protected\modules\Ads\controllers\AdsController.php (72)
in C:\xampp\htdocs\vatthela\backend\index.php (26)
2014/06/12 15:27:03 [warning] [application] Failed to set unsafe attribute "alt" of "Ads".
in C:\xampp\htdocs\vatthela\backend\protected\modules\Ads\controllers\AdsController.php (72)
in C:\xampp\htdocs\vatthela\backend\index.php (26)
2014/06/12 15:27:03 [warning] [application] Failed to set unsafe attribute "url_link" of "Ads".
in C:\xampp\htdocs\vatthela\backend\protected\modules\Ads\controllers\AdsController.php (72)
in C:\xampp\htdocs\vatthela\backend\index.php (26)
2014/06/12 15:27:03 [warning] [application] Failed to set unsafe attribute "html" of "Ads".
in C:\xampp\htdocs\vatthela\backend\protected\modules\Ads\controllers\AdsController.php (72)
in C:\xampp\htdocs\vatthela\backend\index.php (26)
2014/06/12 15:28:32 [warning] [application] Failed to set unsafe attribute "mobile" of "Ads".
in C:\xampp\htdocs\vatthela\backend\protected\modules\Ads\controllers\AdsController.php (72)
in C:\xampp\htdocs\vatthela\backend\index.php (26)
2014/06/12 15:28:32 [warning] [application] Failed to set unsafe attribute "title" of "Ads".
in C:\xampp\htdocs\vatthela\backend\protected\modules\Ads\controllers\AdsController.php (72)
in C:\xampp\htdocs\vatthela\backend\index.php (26)
2014/06/12 15:28:32 [warning] [application] Failed to set unsafe attribute "image" of "Ads".
in C:\xampp\htdocs\vatthela\backend\protected\modules\Ads\controllers\AdsController.php (72)
in C:\xampp\htdocs\vatthela\backend\index.php (26)
2014/06/12 15:28:32 [warning] [application] Failed to set unsafe attribute "width" of "Ads".
in C:\xampp\htdocs\vatthela\backend\protected\modules\Ads\controllers\AdsController.php (72)
in C:\xampp\htdocs\vatthela\backend\index.php (26)
2014/06/12 15:28:32 [warning] [application] Failed to set unsafe attribute "height" of "Ads".
in C:\xampp\htdocs\vatthela\backend\protected\modules\Ads\controllers\AdsController.php (72)
in C:\xampp\htdocs\vatthela\backend\index.php (26)
2014/06/12 15:28:32 [warning] [application] Failed to set unsafe attribute "alt" of "Ads".
in C:\xampp\htdocs\vatthela\backend\protected\modules\Ads\controllers\AdsController.php (72)
in C:\xampp\htdocs\vatthela\backend\index.php (26)
2014/06/12 15:28:32 [warning] [application] Failed to set unsafe attribute "url_link" of "Ads".
in C:\xampp\htdocs\vatthela\backend\protected\modules\Ads\controllers\AdsController.php (72)
in C:\xampp\htdocs\vatthela\backend\index.php (26)
2014/06/12 15:28:32 [warning] [application] Failed to set unsafe attribute "html" of "Ads".
in C:\xampp\htdocs\vatthela\backend\protected\modules\Ads\controllers\AdsController.php (72)
in C:\xampp\htdocs\vatthela\backend\index.php (26)
2014/06/12 15:30:42 [warning] [application] Failed to set unsafe attribute "mobile" of "Ads".
in C:\xampp\htdocs\vatthela\backend\protected\modules\Ads\controllers\AdsController.php (72)
in C:\xampp\htdocs\vatthela\backend\index.php (26)
2014/06/12 15:30:42 [warning] [application] Failed to set unsafe attribute "title" of "Ads".
in C:\xampp\htdocs\vatthela\backend\protected\modules\Ads\controllers\AdsController.php (72)
in C:\xampp\htdocs\vatthela\backend\index.php (26)
2014/06/12 15:30:42 [warning] [application] Failed to set unsafe attribute "image" of "Ads".
in C:\xampp\htdocs\vatthela\backend\protected\modules\Ads\controllers\AdsController.php (72)
in C:\xampp\htdocs\vatthela\backend\index.php (26)
2014/06/12 15:30:42 [warning] [application] Failed to set unsafe attribute "width" of "Ads".
in C:\xampp\htdocs\vatthela\backend\protected\modules\Ads\controllers\AdsController.php (72)
in C:\xampp\htdocs\vatthela\backend\index.php (26)
2014/06/12 15:30:42 [warning] [application] Failed to set unsafe attribute "height" of "Ads".
in C:\xampp\htdocs\vatthela\backend\protected\modules\Ads\controllers\AdsController.php (72)
in C:\xampp\htdocs\vatthela\backend\index.php (26)
2014/06/12 15:30:42 [warning] [application] Failed to set unsafe attribute "alt" of "Ads".
in C:\xampp\htdocs\vatthela\backend\protected\modules\Ads\controllers\AdsController.php (72)
in C:\xampp\htdocs\vatthela\backend\index.php (26)
2014/06/12 15:30:42 [warning] [application] Failed to set unsafe attribute "url_link" of "Ads".
in C:\xampp\htdocs\vatthela\backend\protected\modules\Ads\controllers\AdsController.php (72)
in C:\xampp\htdocs\vatthela\backend\index.php (26)
2014/06/12 15:30:42 [warning] [application] Failed to set unsafe attribute "html" of "Ads".
in C:\xampp\htdocs\vatthela\backend\protected\modules\Ads\controllers\AdsController.php (72)
in C:\xampp\htdocs\vatthela\backend\index.php (26)
2014/06/12 15:30:51 [warning] [application] Failed to set unsafe attribute "mobile" of "Ads".
in C:\xampp\htdocs\vatthela\backend\protected\modules\Ads\controllers\AdsController.php (72)
in C:\xampp\htdocs\vatthela\backend\index.php (26)
2014/06/12 15:30:51 [warning] [application] Failed to set unsafe attribute "title" of "Ads".
in C:\xampp\htdocs\vatthela\backend\protected\modules\Ads\controllers\AdsController.php (72)
in C:\xampp\htdocs\vatthela\backend\index.php (26)
2014/06/12 15:30:51 [warning] [application] Failed to set unsafe attribute "image" of "Ads".
in C:\xampp\htdocs\vatthela\backend\protected\modules\Ads\controllers\AdsController.php (72)
in C:\xampp\htdocs\vatthela\backend\index.php (26)
2014/06/12 15:30:51 [warning] [application] Failed to set unsafe attribute "width" of "Ads".
in C:\xampp\htdocs\vatthela\backend\protected\modules\Ads\controllers\AdsController.php (72)
in C:\xampp\htdocs\vatthela\backend\index.php (26)
2014/06/12 15:30:51 [warning] [application] Failed to set unsafe attribute "height" of "Ads".
in C:\xampp\htdocs\vatthela\backend\protected\modules\Ads\controllers\AdsController.php (72)
in C:\xampp\htdocs\vatthela\backend\index.php (26)
2014/06/12 15:30:51 [warning] [application] Failed to set unsafe attribute "alt" of "Ads".
in C:\xampp\htdocs\vatthela\backend\protected\modules\Ads\controllers\AdsController.php (72)
in C:\xampp\htdocs\vatthela\backend\index.php (26)
2014/06/12 15:30:51 [warning] [application] Failed to set unsafe attribute "url_link" of "Ads".
in C:\xampp\htdocs\vatthela\backend\protected\modules\Ads\controllers\AdsController.php (72)
in C:\xampp\htdocs\vatthela\backend\index.php (26)
2014/06/12 15:30:51 [warning] [application] Failed to set unsafe attribute "html" of "Ads".
in C:\xampp\htdocs\vatthela\backend\protected\modules\Ads\controllers\AdsController.php (72)
in C:\xampp\htdocs\vatthela\backend\index.php (26)
2014/06/12 15:32:17 [warning] [application] Failed to set unsafe attribute "mobile" of "Ads".
in C:\xampp\htdocs\vatthela\backend\protected\modules\Ads\controllers\AdsController.php (72)
in C:\xampp\htdocs\vatthela\backend\index.php (26)
2014/06/12 15:32:17 [warning] [application] Failed to set unsafe attribute "title" of "Ads".
in C:\xampp\htdocs\vatthela\backend\protected\modules\Ads\controllers\AdsController.php (72)
in C:\xampp\htdocs\vatthela\backend\index.php (26)
2014/06/12 15:32:17 [warning] [application] Failed to set unsafe attribute "image" of "Ads".
in C:\xampp\htdocs\vatthela\backend\protected\modules\Ads\controllers\AdsController.php (72)
in C:\xampp\htdocs\vatthela\backend\index.php (26)
2014/06/12 15:32:17 [warning] [application] Failed to set unsafe attribute "width" of "Ads".
in C:\xampp\htdocs\vatthela\backend\protected\modules\Ads\controllers\AdsController.php (72)
in C:\xampp\htdocs\vatthela\backend\index.php (26)
2014/06/12 15:32:17 [warning] [application] Failed to set unsafe attribute "height" of "Ads".
in C:\xampp\htdocs\vatthela\backend\protected\modules\Ads\controllers\AdsController.php (72)
in C:\xampp\htdocs\vatthela\backend\index.php (26)
2014/06/12 15:32:17 [warning] [application] Failed to set unsafe attribute "alt" of "Ads".
in C:\xampp\htdocs\vatthela\backend\protected\modules\Ads\controllers\AdsController.php (72)
in C:\xampp\htdocs\vatthela\backend\index.php (26)
2014/06/12 15:32:17 [warning] [application] Failed to set unsafe attribute "url_link" of "Ads".
in C:\xampp\htdocs\vatthela\backend\protected\modules\Ads\controllers\AdsController.php (72)
in C:\xampp\htdocs\vatthela\backend\index.php (26)
2014/06/12 15:32:17 [warning] [application] Failed to set unsafe attribute "html" of "Ads".
in C:\xampp\htdocs\vatthela\backend\protected\modules\Ads\controllers\AdsController.php (72)
in C:\xampp\htdocs\vatthela\backend\index.php (26)
2014/06/12 15:36:25 [warning] [application] Failed to set unsafe attribute "mobile" of "Ads".
in C:\xampp\htdocs\vatthela\backend\protected\modules\Ads\controllers\AdsController.php (72)
in C:\xampp\htdocs\vatthela\backend\index.php (26)
2014/06/12 15:36:25 [warning] [application] Failed to set unsafe attribute "title" of "Ads".
in C:\xampp\htdocs\vatthela\backend\protected\modules\Ads\controllers\AdsController.php (72)
in C:\xampp\htdocs\vatthela\backend\index.php (26)
2014/06/12 15:36:25 [warning] [application] Failed to set unsafe attribute "image" of "Ads".
in C:\xampp\htdocs\vatthela\backend\protected\modules\Ads\controllers\AdsController.php (72)
in C:\xampp\htdocs\vatthela\backend\index.php (26)
2014/06/12 15:36:25 [warning] [application] Failed to set unsafe attribute "width" of "Ads".
in C:\xampp\htdocs\vatthela\backend\protected\modules\Ads\controllers\AdsController.php (72)
in C:\xampp\htdocs\vatthela\backend\index.php (26)
2014/06/12 15:36:25 [warning] [application] Failed to set unsafe attribute "height" of "Ads".
in C:\xampp\htdocs\vatthela\backend\protected\modules\Ads\controllers\AdsController.php (72)
in C:\xampp\htdocs\vatthela\backend\index.php (26)
2014/06/12 15:36:25 [warning] [application] Failed to set unsafe attribute "alt" of "Ads".
in C:\xampp\htdocs\vatthela\backend\protected\modules\Ads\controllers\AdsController.php (72)
in C:\xampp\htdocs\vatthela\backend\index.php (26)
2014/06/12 15:36:25 [warning] [application] Failed to set unsafe attribute "url_link" of "Ads".
in C:\xampp\htdocs\vatthela\backend\protected\modules\Ads\controllers\AdsController.php (72)
in C:\xampp\htdocs\vatthela\backend\index.php (26)
2014/06/12 15:36:25 [warning] [application] Failed to set unsafe attribute "html" of "Ads".
in C:\xampp\htdocs\vatthela\backend\protected\modules\Ads\controllers\AdsController.php (72)
in C:\xampp\htdocs\vatthela\backend\index.php (26)
2014/06/12 15:37:53 [warning] [application] Failed to set unsafe attribute "mobile" of "Ads".
in C:\xampp\htdocs\vatthela\backend\protected\modules\Ads\controllers\AdsController.php (72)
in C:\xampp\htdocs\vatthela\backend\index.php (26)
2014/06/12 15:37:53 [warning] [application] Failed to set unsafe attribute "title" of "Ads".
in C:\xampp\htdocs\vatthela\backend\protected\modules\Ads\controllers\AdsController.php (72)
in C:\xampp\htdocs\vatthela\backend\index.php (26)
2014/06/12 15:37:53 [warning] [application] Failed to set unsafe attribute "image" of "Ads".
in C:\xampp\htdocs\vatthela\backend\protected\modules\Ads\controllers\AdsController.php (72)
in C:\xampp\htdocs\vatthela\backend\index.php (26)
2014/06/12 15:37:53 [warning] [application] Failed to set unsafe attribute "width" of "Ads".
in C:\xampp\htdocs\vatthela\backend\protected\modules\Ads\controllers\AdsController.php (72)
in C:\xampp\htdocs\vatthela\backend\index.php (26)
2014/06/12 15:37:53 [warning] [application] Failed to set unsafe attribute "height" of "Ads".
in C:\xampp\htdocs\vatthela\backend\protected\modules\Ads\controllers\AdsController.php (72)
in C:\xampp\htdocs\vatthela\backend\index.php (26)
2014/06/12 15:37:53 [warning] [application] Failed to set unsafe attribute "alt" of "Ads".
in C:\xampp\htdocs\vatthela\backend\protected\modules\Ads\controllers\AdsController.php (72)
in C:\xampp\htdocs\vatthela\backend\index.php (26)
2014/06/12 15:37:53 [warning] [application] Failed to set unsafe attribute "url_link" of "Ads".
in C:\xampp\htdocs\vatthela\backend\protected\modules\Ads\controllers\AdsController.php (72)
in C:\xampp\htdocs\vatthela\backend\index.php (26)
2014/06/12 15:37:53 [warning] [application] Failed to set unsafe attribute "html" of "Ads".
in C:\xampp\htdocs\vatthela\backend\protected\modules\Ads\controllers\AdsController.php (72)
in C:\xampp\htdocs\vatthela\backend\index.php (26)
2014/06/19 06:22:20 [error] [exception.CHttpException.404] exception 'CHttpException' with message 'Unable to resolve the request "Gii".' in C:\xampp\htdocs\vatthela\framework\web\CWebApplication.php:286
Stack trace:
#0 C:\xampp\htdocs\vatthela\framework\web\CWebApplication.php(141): CWebApplication->runController('Gii')
#1 C:\xampp\htdocs\vatthela\framework\base\CApplication.php(180): CWebApplication->processRequest()
#2 C:\xampp\htdocs\vatthela\backend\index.php(26): CApplication->run()
#3 {main}
REQUEST_URI=/vatthela/backend/index.php?r=Gii
---
2014/06/24 13:33:04 [warning] [application] Failed to set unsafe attribute "image" of "Articles".
in C:\xampp\htdocs\vatthela.com\vatthela\backend\protected\modules\Articles\controllers\DefaultController.php (137)
in C:\xampp\htdocs\vatthela.com\vatthela\backend\index.php (26)
2014/06/24 13:33:04 [warning] [application] Failed to set unsafe attribute "hot" of "Articles".
in C:\xampp\htdocs\vatthela.com\vatthela\backend\protected\modules\Articles\controllers\DefaultController.php (137)
in C:\xampp\htdocs\vatthela.com\vatthela\backend\index.php (26)
2014/06/24 13:33:04 [warning] [application] Failed to set unsafe attribute "endhot_date" of "Articles".
in C:\xampp\htdocs\vatthela.com\vatthela\backend\protected\modules\Articles\controllers\DefaultController.php (137)
in C:\xampp\htdocs\vatthela.com\vatthela\backend\index.php (26)
2014/06/24 13:33:04 [warning] [application] Failed to set unsafe attribute "description" of "Articles".
in C:\xampp\htdocs\vatthela.com\vatthela\backend\protected\modules\Articles\controllers\DefaultController.php (137)
in C:\xampp\htdocs\vatthela.com\vatthela\backend\index.php (26)
2014/06/24 13:33:19 [warning] [application] Failed to set unsafe attribute "image" of "Articles".
in C:\xampp\htdocs\vatthela.com\vatthela\backend\protected\modules\Articles\controllers\DefaultController.php (137)
in C:\xampp\htdocs\vatthela.com\vatthela\backend\index.php (26)
2014/06/24 13:33:19 [warning] [application] Failed to set unsafe attribute "hot" of "Articles".
in C:\xampp\htdocs\vatthela.com\vatthela\backend\protected\modules\Articles\controllers\DefaultController.php (137)
in C:\xampp\htdocs\vatthela.com\vatthela\backend\index.php (26)
2014/06/24 13:33:19 [warning] [application] Failed to set unsafe attribute "endhot_date" of "Articles".
in C:\xampp\htdocs\vatthela.com\vatthela\backend\protected\modules\Articles\controllers\DefaultController.php (137)
in C:\xampp\htdocs\vatthela.com\vatthela\backend\index.php (26)
2014/06/24 13:33:19 [warning] [application] Failed to set unsafe attribute "description" of "Articles".
in C:\xampp\htdocs\vatthela.com\vatthela\backend\protected\modules\Articles\controllers\DefaultController.php (137)
in C:\xampp\htdocs\vatthela.com\vatthela\backend\index.php (26)
2014/06/24 13:37:44 [warning] [application] Failed to set unsafe attribute "image" of "Articles".
in C:\xampp\htdocs\vatthela.com\vatthela\backend\protected\modules\Articles\controllers\DefaultController.php (137)
in C:\xampp\htdocs\vatthela.com\vatthela\backend\index.php (26)
2014/06/24 13:37:44 [warning] [application] Failed to set unsafe attribute "hot" of "Articles".
in C:\xampp\htdocs\vatthela.com\vatthela\backend\protected\modules\Articles\controllers\DefaultController.php (137)
in C:\xampp\htdocs\vatthela.com\vatthela\backend\index.php (26)
2014/06/24 13:37:44 [warning] [application] Failed to set unsafe attribute "endhot_date" of "Articles".
in C:\xampp\htdocs\vatthela.com\vatthela\backend\protected\modules\Articles\controllers\DefaultController.php (137)
in C:\xampp\htdocs\vatthela.com\vatthela\backend\index.php (26)
2014/06/24 13:37:44 [warning] [application] Failed to set unsafe attribute "description" of "Articles".
in C:\xampp\htdocs\vatthela.com\vatthela\backend\protected\modules\Articles\controllers\DefaultController.php (137)
in C:\xampp\htdocs\vatthela.com\vatthela\backend\index.php (26)
2014/06/24 13:38:16 [warning] [application] Failed to set unsafe attribute "image" of "Articles".
in C:\xampp\htdocs\vatthela.com\vatthela\backend\protected\modules\Articles\controllers\DefaultController.php (137)
in C:\xampp\htdocs\vatthela.com\vatthela\backend\index.php (26)
2014/06/24 13:38:16 [warning] [application] Failed to set unsafe attribute "hot" of "Articles".
in C:\xampp\htdocs\vatthela.com\vatthela\backend\protected\modules\Articles\controllers\DefaultController.php (137)
in C:\xampp\htdocs\vatthela.com\vatthela\backend\index.php (26)
2014/06/24 13:38:16 [warning] [application] Failed to set unsafe attribute "endhot_date" of "Articles".
in C:\xampp\htdocs\vatthela.com\vatthela\backend\protected\modules\Articles\controllers\DefaultController.php (137)
in C:\xampp\htdocs\vatthela.com\vatthela\backend\index.php (26)
2014/06/24 13:38:16 [warning] [application] Failed to set unsafe attribute "description" of "Articles".
in C:\xampp\htdocs\vatthela.com\vatthela\backend\protected\modules\Articles\controllers\DefaultController.php (137)
in C:\xampp\htdocs\vatthela.com\vatthela\backend\index.php (26)
2014/06/24 14:17:02 [error] [php] Undefined variable: model (C:\xampp\htdocs\vatthela\backend\protected\modules\Config\views\default\logo.php:21)
Stack trace:
#0 C:\xampp\htdocs\vatthela\framework\web\CController.php(869): DefaultController->renderFile()
#1 C:\xampp\htdocs\vatthela\framework\web\CController.php(782): DefaultController->renderPartial()
#2 C:\xampp\htdocs\vatthela\backend\protected\modules\Config\controllers\DefaultController.php(53): DefaultController->render()
#3 C:\xampp\htdocs\vatthela\framework\web\actions\CInlineAction.php(49): DefaultController->actionLogo()
#4 C:\xampp\htdocs\vatthela\framework\web\CController.php(308): CInlineAction->runWithParams()
#5 C:\xampp\htdocs\vatthela\framework\web\filters\CFilterChain.php(133): DefaultController->runAction()
#6 C:\xampp\htdocs\vatthela\framework\web\filters\CFilter.php(40): CFilterChain->run()
#7 C:\xampp\htdocs\vatthela\framework\web\CController.php(1145): CAccessControlFilter->filter()
#8 C:\xampp\htdocs\vatthela\framework\web\filters\CInlineFilter.php(58): DefaultController->filterAccessControl()
#9 C:\xampp\htdocs\vatthela\framework\web\filters\CFilterChain.php(130): CInlineFilter->filter()
#10 C:\xampp\htdocs\vatthela\framework\web\CController.php(291): CFilterChain->run()
#11 C:\xampp\htdocs\vatthela\framework\web\CController.php(265): DefaultController->runActionWithFilters()
#12 C:\xampp\htdocs\vatthela\framework\web\CWebApplication.php(282): DefaultController->run()
#13 C:\xampp\htdocs\vatthela\framework\web\CWebApplication.php(141): CWebApplication->runController()
#14 C:\xampp\htdocs\vatthela\framework\base\CApplication.php(180): CWebApplication->processRequest()
#15 C:\xampp\htdocs\vatthela\backend\index.php(26): CWebApplication->run()
REQUEST_URI=/vatthela/backend/index.php?r=Config/default/logo
in C:\xampp\htdocs\vatthela\backend\protected\modules\Config\views\default\logo.php (21)
in C:\xampp\htdocs\vatthela\backend\protected\modules\Config\controllers\DefaultController.php (53)
in C:\xampp\htdocs\vatthela\backend\index.php (26)
2014/06/24 14:19:45 [error] [exception.CException] exception 'CException' with message 'Property "Config.image" is not defined.' in C:\xampp\htdocs\vatthela\framework\base\CComponent.php:130
Stack trace:
#0 C:\xampp\htdocs\vatthela\framework\db\ar\CActiveRecord.php(145): CComponent->__get('image')
#1 C:\xampp\htdocs\vatthela\backend\protected\modules\Config\views\default\logo.php(24): CActiveRecord->__get('image')
#2 C:\xampp\htdocs\vatthela\framework\web\CBaseController.php(126): require('C:\xampp\htdocs...')
#3 C:\xampp\htdocs\vatthela\framework\web\CBaseController.php(95): CBaseController->renderInternal('C:\xampp\htdocs...', Array, true)
#4 C:\xampp\htdocs\vatthela\framework\web\CController.php(869): CBaseController->renderFile('C:\xampp\htdocs...', Array, true)
#5 C:\xampp\htdocs\vatthela\framework\web\CController.php(782): CController->renderPartial('logo', Array, true)
#6 C:\xampp\htdocs\vatthela\backend\protected\modules\Config\controllers\DefaultController.php(53): CController->render('logo', Array)
#7 C:\xampp\htdocs\vatthela\framework\web\actions\CInlineAction.php(49): DefaultController->actionLogo()
#8 C:\xampp\htdocs\vatthela\framework\web\CController.php(308): CInlineAction->runWithParams(Array)
#9 C:\xampp\htdocs\vatthela\framework\web\filters\CFilterChain.php(133): CController->runAction(Object(CInlineAction))
#10 C:\xampp\htdocs\vatthela\framework\web\filters\CFilter.php(40): CFilterChain->run()
#11 C:\xampp\htdocs\vatthela\framework\web\CController.php(1145): CFilter->filter(Object(CFilterChain))
#12 C:\xampp\htdocs\vatthela\framework\web\filters\CInlineFilter.php(58): CController->filterAccessControl(Object(CFilterChain))
#13 C:\xampp\htdocs\vatthela\framework\web\filters\CFilterChain.php(130): CInlineFilter->filter(Object(CFilterChain))
#14 C:\xampp\htdocs\vatthela\framework\web\CController.php(291): CFilterChain->run()
#15 C:\xampp\htdocs\vatthela\framework\web\CController.php(265): CController->runActionWithFilters(Object(CInlineAction), Array)
#16 C:\xampp\htdocs\vatthela\framework\web\CWebApplication.php(282): CController->run('logo')
#17 C:\xampp\htdocs\vatthela\framework\web\CWebApplication.php(141): CWebApplication->runController('Config/default/...')
#18 C:\xampp\htdocs\vatthela\framework\base\CApplication.php(180): CWebApplication->processRequest()
#19 C:\xampp\htdocs\vatthela\backend\index.php(26): CApplication->run()
#20 {main}
REQUEST_URI=/vatthela/backend/index.php?r=Config/default/logo
HTTP_REFERER=http://localhost/vatthela/backend/index.php?r=Config/default/admin
---
2014/06/24 14:47:17 [warning] [application] Failed to set unsafe attribute "mobile" of "Ads".
in C:\xampp\htdocs\vatthela\backend\protected\modules\Ads\controllers\AdsController.php (132)
in C:\xampp\htdocs\vatthela\backend\index.php (27)
2014/06/24 14:47:17 [warning] [application] Failed to set unsafe attribute "title" of "Ads".
in C:\xampp\htdocs\vatthela\backend\protected\modules\Ads\controllers\AdsController.php (132)
in C:\xampp\htdocs\vatthela\backend\index.php (27)
2014/06/24 14:47:17 [warning] [application] Failed to set unsafe attribute "image" of "Ads".
in C:\xampp\htdocs\vatthela\backend\protected\modules\Ads\controllers\AdsController.php (132)
in C:\xampp\htdocs\vatthela\backend\index.php (27)
2014/06/24 14:47:17 [warning] [application] Failed to set unsafe attribute "width" of "Ads".
in C:\xampp\htdocs\vatthela\backend\protected\modules\Ads\controllers\AdsController.php (132)
in C:\xampp\htdocs\vatthela\backend\index.php (27)
2014/06/24 14:47:17 [warning] [application] Failed to set unsafe attribute "height" of "Ads".
in C:\xampp\htdocs\vatthela\backend\protected\modules\Ads\controllers\AdsController.php (132)
in C:\xampp\htdocs\vatthela\backend\index.php (27)
2014/06/24 14:47:17 [warning] [application] Failed to set unsafe attribute "alt" of "Ads".
in C:\xampp\htdocs\vatthela\backend\protected\modules\Ads\controllers\AdsController.php (132)
in C:\xampp\htdocs\vatthela\backend\index.php (27)
2014/06/24 14:47:17 [warning] [application] Failed to set unsafe attribute "url_link" of "Ads".
in C:\xampp\htdocs\vatthela\backend\protected\modules\Ads\controllers\AdsController.php (132)
in C:\xampp\htdocs\vatthela\backend\index.php (27)
2014/06/24 14:47:17 [warning] [application] Failed to set unsafe attribute "html" of "Ads".
in C:\xampp\htdocs\vatthela\backend\protected\modules\Ads\controllers\AdsController.php (132)
in C:\xampp\htdocs\vatthela\backend\index.php (27)
2014/06/24 14:47:44 [warning] [application] Failed to set unsafe attribute "mobile" of "Ads".
in C:\xampp\htdocs\vatthela\backend\protected\modules\Ads\controllers\AdsController.php (132)
in C:\xampp\htdocs\vatthela\backend\index.php (27)
2014/06/24 14:47:44 [warning] [application] Failed to set unsafe attribute "title" of "Ads".
in C:\xampp\htdocs\vatthela\backend\protected\modules\Ads\controllers\AdsController.php (132)
in C:\xampp\htdocs\vatthela\backend\index.php (27)
2014/06/24 14:47:44 [warning] [application] Failed to set unsafe attribute "image" of "Ads".
in C:\xampp\htdocs\vatthela\backend\protected\modules\Ads\controllers\AdsController.php (132)
in C:\xampp\htdocs\vatthela\backend\index.php (27)
2014/06/24 14:47:44 [warning] [application] Failed to set unsafe attribute "width" of "Ads".
in C:\xampp\htdocs\vatthela\backend\protected\modules\Ads\controllers\AdsController.php (132)
in C:\xampp\htdocs\vatthela\backend\index.php (27)
2014/06/24 14:47:44 [warning] [application] Failed to set unsafe attribute "height" of "Ads".
in C:\xampp\htdocs\vatthela\backend\protected\modules\Ads\controllers\AdsController.php (132)
in C:\xampp\htdocs\vatthela\backend\index.php (27)
2014/06/24 14:47:44 [warning] [application] Failed to set unsafe attribute "alt" of "Ads".
in C:\xampp\htdocs\vatthela\backend\protected\modules\Ads\controllers\AdsController.php (132)
in C:\xampp\htdocs\vatthela\backend\index.php (27)
2014/06/24 14:47:44 [warning] [application] Failed to set unsafe attribute "url_link" of "Ads".
in C:\xampp\htdocs\vatthela\backend\protected\modules\Ads\controllers\AdsController.php (132)
in C:\xampp\htdocs\vatthela\backend\index.php (27)
2014/06/24 14:47:44 [warning] [application] Failed to set unsafe attribute "html" of "Ads".
in C:\xampp\htdocs\vatthela\backend\protected\modules\Ads\controllers\AdsController.php (132)
in C:\xampp\htdocs\vatthela\backend\index.php (27)
2014/06/24 14:49:14 [warning] [application] Failed to set unsafe attribute "mobile" of "Ads".
in C:\xampp\htdocs\vatthela\backend\protected\modules\Ads\controllers\AdsController.php (132)
in C:\xampp\htdocs\vatthela\backend\index.php (27)
2014/06/24 14:49:14 [warning] [application] Failed to set unsafe attribute "title" of "Ads".
in C:\xampp\htdocs\vatthela\backend\protected\modules\Ads\controllers\AdsController.php (132)
in C:\xampp\htdocs\vatthela\backend\index.php (27)
2014/06/24 14:49:14 [warning] [application] Failed to set unsafe attribute "image" of "Ads".
in C:\xampp\htdocs\vatthela\backend\protected\modules\Ads\controllers\AdsController.php (132)
in C:\xampp\htdocs\vatthela\backend\index.php (27)
2014/06/24 14:49:14 [warning] [application] Failed to set unsafe attribute "width" of "Ads".
in C:\xampp\htdocs\vatthela\backend\protected\modules\Ads\controllers\AdsController.php (132)
in C:\xampp\htdocs\vatthela\backend\index.php (27)
2014/06/24 14:49:14 [warning] [application] Failed to set unsafe attribute "height" of "Ads".
in C:\xampp\htdocs\vatthela\backend\protected\modules\Ads\controllers\AdsController.php (132)
in C:\xampp\htdocs\vatthela\backend\index.php (27)
2014/06/24 14:49:14 [warning] [application] Failed to set unsafe attribute "alt" of "Ads".
in C:\xampp\htdocs\vatthela\backend\protected\modules\Ads\controllers\AdsController.php (132)
in C:\xampp\htdocs\vatthela\backend\index.php (27)
2014/06/24 14:49:14 [warning] [application] Failed to set unsafe attribute "url_link" of "Ads".
in C:\xampp\htdocs\vatthela\backend\protected\modules\Ads\controllers\AdsController.php (132)
in C:\xampp\htdocs\vatthela\backend\index.php (27)
2014/06/24 14:49:14 [warning] [application] Failed to set unsafe attribute "html" of "Ads".
in C:\xampp\htdocs\vatthela\backend\protected\modules\Ads\controllers\AdsController.php (132)
in C:\xampp\htdocs\vatthela\backend\index.php (27)
2014/06/24 14:50:43 [warning] [application] Failed to set unsafe attribute "mobile" of "Ads".
in C:\xampp\htdocs\vatthela\backend\protected\modules\Ads\controllers\AdsController.php (72)
in C:\xampp\htdocs\vatthela\backend\index.php (27)
2014/06/24 14:50:43 [warning] [application] Failed to set unsafe attribute "title" of "Ads".
in C:\xampp\htdocs\vatthela\backend\protected\modules\Ads\controllers\AdsController.php (72)
in C:\xampp\htdocs\vatthela\backend\index.php (27)
2014/06/24 14:50:43 [warning] [application] Failed to set unsafe attribute "image" of "Ads".
in C:\xampp\htdocs\vatthela\backend\protected\modules\Ads\controllers\AdsController.php (72)
in C:\xampp\htdocs\vatthela\backend\index.php (27)
2014/06/24 14:50:43 [warning] [application] Failed to set unsafe attribute "width" of "Ads".
in C:\xampp\htdocs\vatthela\backend\protected\modules\Ads\controllers\AdsController.php (72)
in C:\xampp\htdocs\vatthela\backend\index.php (27)
2014/06/24 14:50:43 [warning] [application] Failed to set unsafe attribute "height" of "Ads".
in C:\xampp\htdocs\vatthela\backend\protected\modules\Ads\controllers\AdsController.php (72)
in C:\xampp\htdocs\vatthela\backend\index.php (27)
2014/06/24 14:50:43 [warning] [application] Failed to set unsafe attribute "alt" of "Ads".
in C:\xampp\htdocs\vatthela\backend\protected\modules\Ads\controllers\AdsController.php (72)
in C:\xampp\htdocs\vatthela\backend\index.php (27)
2014/06/24 14:50:43 [warning] [application] Failed to set unsafe attribute "url_link" of "Ads".
in C:\xampp\htdocs\vatthela\backend\protected\modules\Ads\controllers\AdsController.php (72)
in C:\xampp\htdocs\vatthela\backend\index.php (27)
2014/06/24 14:50:43 [warning] [application] Failed to set unsafe attribute "html" of "Ads".
in C:\xampp\htdocs\vatthela\backend\protected\modules\Ads\controllers\AdsController.php (72)
in C:\xampp\htdocs\vatthela\backend\index.php (27)
2014/06/24 14:52:51 [warning] [application] Failed to set unsafe attribute "mobile" of "Ads".
in C:\xampp\htdocs\vatthela\backend\protected\modules\Ads\controllers\AdsController.php (132)
in C:\xampp\htdocs\vatthela\backend\index.php (27)
2014/06/24 14:52:51 [warning] [application] Failed to set unsafe attribute "title" of "Ads".
in C:\xampp\htdocs\vatthela\backend\protected\modules\Ads\controllers\AdsController.php (132)
in C:\xampp\htdocs\vatthela\backend\index.php (27)
2014/06/24 14:52:51 [warning] [application] Failed to set unsafe attribute "image" of "Ads".
in C:\xampp\htdocs\vatthela\backend\protected\modules\Ads\controllers\AdsController.php (132)
in C:\xampp\htdocs\vatthela\backend\index.php (27)
2014/06/24 14:52:51 [warning] [application] Failed to set unsafe attribute "width" of "Ads".
in C:\xampp\htdocs\vatthela\backend\protected\modules\Ads\controllers\AdsController.php (132)
in C:\xampp\htdocs\vatthela\backend\index.php (27)
2014/06/24 14:52:51 [warning] [application] Failed to set unsafe attribute "height" of "Ads".
in C:\xampp\htdocs\vatthela\backend\protected\modules\Ads\controllers\AdsController.php (132)
in C:\xampp\htdocs\vatthela\backend\index.php (27)
2014/06/24 14:52:51 [warning] [application] Failed to set unsafe attribute "alt" of "Ads".
in C:\xampp\htdocs\vatthela\backend\protected\modules\Ads\controllers\AdsController.php (132)
in C:\xampp\htdocs\vatthela\backend\index.php (27)
2014/06/24 14:52:51 [warning] [application] Failed to set unsafe attribute "url_link" of "Ads".
in C:\xampp\htdocs\vatthela\backend\protected\modules\Ads\controllers\AdsController.php (132)
in C:\xampp\htdocs\vatthela\backend\index.php (27)
2014/06/24 14:52:51 [warning] [application] Failed to set unsafe attribute "html" of "Ads".
in C:\xampp\htdocs\vatthela\backend\protected\modules\Ads\controllers\AdsController.php (132)
in C:\xampp\htdocs\vatthela\backend\index.php (27)
2014/06/24 14:57:11 [warning] [application] Failed to set unsafe attribute "mobile" of "Ads".
in C:\xampp\htdocs\vatthela\backend\protected\modules\Ads\controllers\AdsController.php (132)
in C:\xampp\htdocs\vatthela\backend\index.php (27)
2014/06/24 14:57:11 [warning] [application] Failed to set unsafe attribute "title" of "Ads".
in C:\xampp\htdocs\vatthela\backend\protected\modules\Ads\controllers\AdsController.php (132)
in C:\xampp\htdocs\vatthela\backend\index.php (27)
2014/06/24 14:57:11 [warning] [application] Failed to set unsafe attribute "image" of "Ads".
in C:\xampp\htdocs\vatthela\backend\protected\modules\Ads\controllers\AdsController.php (132)
in C:\xampp\htdocs\vatthela\backend\index.php (27)
2014/06/24 14:57:11 [warning] [application] Failed to set unsafe attribute "width" of "Ads".
in C:\xampp\htdocs\vatthela\backend\protected\modules\Ads\controllers\AdsController.php (132)
in C:\xampp\htdocs\vatthela\backend\index.php (27)
2014/06/24 14:57:11 [warning] [application] Failed to set unsafe attribute "height" of "Ads".
in C:\xampp\htdocs\vatthela\backend\protected\modules\Ads\controllers\AdsController.php (132)
in C:\xampp\htdocs\vatthela\backend\index.php (27)
2014/06/24 14:57:11 [warning] [application] Failed to set unsafe attribute "alt" of "Ads".
in C:\xampp\htdocs\vatthela\backend\protected\modules\Ads\controllers\AdsController.php (132)
in C:\xampp\htdocs\vatthela\backend\index.php (27)
2014/06/24 14:57:11 [warning] [application] Failed to set unsafe attribute "url_link" of "Ads".
in C:\xampp\htdocs\vatthela\backend\protected\modules\Ads\controllers\AdsController.php (132)
in C:\xampp\htdocs\vatthela\backend\index.php (27)
2014/06/24 14:57:11 [warning] [application] Failed to set unsafe attribute "html" of "Ads".
in C:\xampp\htdocs\vatthela\backend\protected\modules\Ads\controllers\AdsController.php (132)
in C:\xampp\htdocs\vatthela\backend\index.php (27)
2014/06/27 15:14:25 [warning] [application] Failed to set unsafe attribute "video_description" of "Videos".
in C:\xampp\htdocs\vatthela.com\vatthela\backend\protected\modules\Videos\controllers\VideosController.php (104)
in C:\xampp\htdocs\vatthela.com\vatthela\backend\index.php (27)
2014/06/27 15:14:25 [warning] [application] Failed to set unsafe attribute "active" of "Videos".
in C:\xampp\htdocs\vatthela.com\vatthela\backend\protected\modules\Videos\controllers\VideosController.php (104)
in C:\xampp\htdocs\vatthela.com\vatthela\backend\index.php (27)
2014/06/27 15:14:25 [warning] [application] Failed to set unsafe attribute "hot" of "Videos".
in C:\xampp\htdocs\vatthela.com\vatthela\backend\protected\modules\Videos\controllers\VideosController.php (104)
in C:\xampp\htdocs\vatthela.com\vatthela\backend\index.php (27)
2014/06/27 15:14:25 [error] [exception.CException] exception 'CException' with message 'Property "Videos.title" is not defined.' in C:\xampp\htdocs\vatthela.com\vatthela\framework\base\CComponent.php:130
Stack trace:
#0 C:\xampp\htdocs\vatthela.com\vatthela\framework\db\ar\CActiveRecord.php(145): CComponent->__get('title')
#1 C:\xampp\htdocs\vatthela.com\vatthela\backend\protected\modules\Videos\controllers\VideosController.php(105): CActiveRecord->__get('title')
#2 [internal function]: VideosController->actionUpdate('5')
#3 C:\xampp\htdocs\vatthela.com\vatthela\framework\web\actions\CAction.php(108): ReflectionMethod->invokeArgs(Object(VideosController), Array)
#4 C:\xampp\htdocs\vatthela.com\vatthela\framework\web\actions\CInlineAction.php(47): CAction->runWithParamsInternal(Object(VideosController), Object(ReflectionMethod), Array)
#5 C:\xampp\htdocs\vatthela.com\vatthela\framework\web\CController.php(308): CInlineAction->runWithParams(Array)
#6 C:\xampp\htdocs\vatthela.com\vatthela\framework\web\filters\CFilterChain.php(133): CController->runAction(Object(CInlineAction))
#7 C:\xampp\htdocs\vatthela.com\vatthela\framework\web\filters\CFilter.php(40): CFilterChain->run()
#8 C:\xampp\htdocs\vatthela.com\vatthela\framework\web\CController.php(1145): CFilter->filter(Object(CFilterChain))
#9 C:\xampp\htdocs\vatthela.com\vatthela\framework\web\filters\CInlineFilter.php(58): CController->filterAccessControl(Object(CFilterChain))
#10 C:\xampp\htdocs\vatthela.com\vatthela\framework\web\filters\CFilterChain.php(130): CInlineFilter->filter(Object(CFilterChain))
#11 C:\xampp\htdocs\vatthela.com\vatthela\framework\web\CController.php(291): CFilterChain->run()
#12 C:\xampp\htdocs\vatthela.com\vatthela\framework\web\CController.php(265): CController->runActionWithFilters(Object(CInlineAction), Array)
#13 C:\xampp\htdocs\vatthela.com\vatthela\framework\web\CWebApplication.php(282): CController->run('update')
#14 C:\xampp\htdocs\vatthela.com\vatthela\framework\web\CWebApplication.php(141): CWebApplication->runController('Videos/videos/u...')
#15 C:\xampp\htdocs\vatthela.com\vatthela\framework\base\CApplication.php(180): CWebApplication->processRequest()
#16 C:\xampp\htdocs\vatthela.com\vatthela\backend\index.php(27): CApplication->run()
#17 {main}
REQUEST_URI=/vatthela.com/vatthela/backend/index.php?r=Videos/videos/update&id=5
HTTP_REFERER=http://localhost/vatthela.com/vatthela/backend/index.php?r=Videos/videos/update&id=5
---
2014/06/27 15:14:52 [warning] [application] Failed to set unsafe attribute "video_description" of "Videos".
in C:\xampp\htdocs\vatthela.com\vatthela\backend\protected\modules\Videos\controllers\VideosController.php (104)
in C:\xampp\htdocs\vatthela.com\vatthela\backend\index.php (27)
2014/06/27 15:14:52 [warning] [application] Failed to set unsafe attribute "active" of "Videos".
in C:\xampp\htdocs\vatthela.com\vatthela\backend\protected\modules\Videos\controllers\VideosController.php (104)
in C:\xampp\htdocs\vatthela.com\vatthela\backend\index.php (27)
2014/06/27 15:14:52 [warning] [application] Failed to set unsafe attribute "hot" of "Videos".
in C:\xampp\htdocs\vatthela.com\vatthela\backend\protected\modules\Videos\controllers\VideosController.php (104)
in C:\xampp\htdocs\vatthela.com\vatthela\backend\index.php (27)
2014/06/27 15:15:20 [warning] [application] Failed to set unsafe attribute "video_description" of "Videos".
in C:\xampp\htdocs\vatthela.com\vatthela\backend\protected\modules\Videos\controllers\VideosController.php (104)
in C:\xampp\htdocs\vatthela.com\vatthela\backend\index.php (27)
2014/06/27 15:15:20 [warning] [application] Failed to set unsafe attribute "active" of "Videos".
in C:\xampp\htdocs\vatthela.com\vatthela\backend\protected\modules\Videos\controllers\VideosController.php (104)
in C:\xampp\htdocs\vatthela.com\vatthela\backend\index.php (27)
2014/06/27 15:15:20 [warning] [application] Failed to set unsafe attribute "hot" of "Videos".
in C:\xampp\htdocs\vatthela.com\vatthela\backend\protected\modules\Videos\controllers\VideosController.php (104)
in C:\xampp\htdocs\vatthela.com\vatthela\backend\index.php (27)
2014/06/27 15:15:30 [warning] [application] Failed to set unsafe attribute "video_description" of "Videos".
in C:\xampp\htdocs\vatthela.com\vatthela\backend\protected\modules\Videos\controllers\VideosController.php (104)
in C:\xampp\htdocs\vatthela.com\vatthela\backend\index.php (27)
2014/06/27 15:15:30 [warning] [application] Failed to set unsafe attribute "active" of "Videos".
in C:\xampp\htdocs\vatthela.com\vatthela\backend\protected\modules\Videos\controllers\VideosController.php (104)
in C:\xampp\htdocs\vatthela.com\vatthela\backend\index.php (27)
2014/06/27 15:15:30 [warning] [application] Failed to set unsafe attribute "hot" of "Videos".
in C:\xampp\htdocs\vatthela.com\vatthela\backend\protected\modules\Videos\controllers\VideosController.php (104)
in C:\xampp\htdocs\vatthela.com\vatthela\backend\index.php (27)
2014/06/27 15:15:41 [warning] [application] Failed to set unsafe attribute "video_description" of "Videos".
in C:\xampp\htdocs\vatthela.com\vatthela\backend\protected\modules\Videos\controllers\VideosController.php (104)
in C:\xampp\htdocs\vatthela.com\vatthela\backend\index.php (27)
2014/06/27 15:15:41 [warning] [application] Failed to set unsafe attribute "active" of "Videos".
in C:\xampp\htdocs\vatthela.com\vatthela\backend\protected\modules\Videos\controllers\VideosController.php (104)
in C:\xampp\htdocs\vatthela.com\vatthela\backend\index.php (27)
2014/06/27 15:15:41 [warning] [application] Failed to set unsafe attribute "hot" of "Videos".
in C:\xampp\htdocs\vatthela.com\vatthela\backend\protected\modules\Videos\controllers\VideosController.php (104)
in C:\xampp\htdocs\vatthela.com\vatthela\backend\index.php (27)
2014/06/27 15:22:34 [warning] [application] Failed to set unsafe attribute "video_description" of "Videos".
in C:\xampp\htdocs\vatthela.com\vatthela\backend\protected\modules\Videos\controllers\VideosController.php (104)
in C:\xampp\htdocs\vatthela.com\vatthela\backend\index.php (27)
2014/06/27 15:22:34 [warning] [application] Failed to set unsafe attribute "active" of "Videos".
in C:\xampp\htdocs\vatthela.com\vatthela\backend\protected\modules\Videos\controllers\VideosController.php (104)
in C:\xampp\htdocs\vatthela.com\vatthela\backend\index.php (27)
2014/06/27 15:22:34 [warning] [application] Failed to set unsafe attribute "hot" of "Videos".
in C:\xampp\htdocs\vatthela.com\vatthela\backend\protected\modules\Videos\controllers\VideosController.php (104)
in C:\xampp\htdocs\vatthela.com\vatthela\backend\index.php (27)
