2014/05/19 09:55:35 [error] [php] Undefined variable: model (C:\xampp\htdocs\vatthela.com\vatthela\protected\components\views\body_header.php:4)
Stack trace:
#0 C:\xampp\htdocs\vatthela.com\vatthela\framework\web\widgets\CWidget.php(244): Body_Header->renderFile()
#1 C:\xampp\htdocs\vatthela.com\vatthela\protected\components\Body_Header.php(4): Body_Header->render()
#2 C:\xampp\htdocs\vatthela.com\vatthela\framework\web\CBaseController.php(147): Body_Header->init()
#3 C:\xampp\htdocs\vatthela.com\vatthela\framework\web\CBaseController.php(172): DefaultController->createWidget()
#4 C:\xampp\htdocs\vatthela.com\vatthela\themes\classic\views\layouts\main.php(10): DefaultController->widget()
#5 C:\xampp\htdocs\vatthela.com\vatthela\framework\web\CBaseController.php(126): require()
#6 C:\xampp\htdocs\vatthela.com\vatthela\framework\web\CBaseController.php(95): DefaultController->renderInternal()
#7 C:\xampp\htdocs\vatthela.com\vatthela\framework\web\widgets\CContentDecorator.php(76): DefaultController->renderFile()
#8 C:\xampp\htdocs\vatthela.com\vatthela\framework\web\widgets\CContentDecorator.php(54): CContentDecorator->decorate()
#9 C:\xampp\htdocs\vatthela.com\vatthela\framework\web\widgets\COutputProcessor.php(44): CContentDecorator->processOutput()
#10 C:\xampp\htdocs\vatthela.com\vatthela\framework\web\CBaseController.php(206): CContentDecorator->run()
#11 C:\xampp\htdocs\vatthela.com\vatthela\framework\web\CBaseController.php(300): DefaultController->endWidget()
#12 C:\xampp\htdocs\vatthela.com\vatthela\protected\views\layouts\column1.php(6): DefaultController->endContent()
#13 C:\xampp\htdocs\vatthela.com\vatthela\framework\web\CBaseController.php(126): require()
#14 C:\xampp\htdocs\vatthela.com\vatthela\framework\web\CBaseController.php(95): DefaultController->renderInternal()
#15 C:\xampp\htdocs\vatthela.com\vatthela\framework\web\CController.php(784): DefaultController->renderFile()
#16 C:\xampp\htdocs\vatthela.com\vatthela\protected\modules\Home\controllers\DefaultController.php(7): DefaultController->render()
#17 C:\xampp\htdocs\vatthela.com\vatthela\framework\web\actions\CInlineAction.php(49): DefaultController->actionIndex()
#18 C:\xampp\htdocs\vatthela.com\vatthela\framework\web\CController.php(308): CInlineAction->runWithParams()
#19 C:\xampp\htdocs\vatthela.com\vatthela\framework\web\CController.php(286): DefaultController->runAction()
#20 C:\xampp\htdocs\vatthela.com\vatthela\framework\web\CController.php(265): DefaultController->runActionWithFilters()
#21 C:\xampp\htdocs\vatthela.com\vatthela\framework\web\CWebApplication.php(282): DefaultController->run()
#22 C:\xampp\htdocs\vatthela.com\vatthela\framework\web\CWebApplication.php(141): CWebApplication->runController()
#23 C:\xampp\htdocs\vatthela.com\vatthela\framework\base\CApplication.php(180): CWebApplication->processRequest()
#24 C:\xampp\htdocs\vatthela.com\vatthela\index.php(16): CWebApplication->run()
REQUEST_URI=/vatthela.com/vatthela/
in C:\xampp\htdocs\vatthela.com\vatthela\protected\components\views\body_header.php (4)
in C:\xampp\htdocs\vatthela.com\vatthela\protected\components\Body_Header.php (4)
in C:\xampp\htdocs\vatthela.com\vatthela\themes\classic\views\layouts\main.php (10)
2014/05/19 09:57:09 [error] [exception.CException] exception 'CException' with message 'Property "Slideshow.cate" is not defined.' in C:\xampp\htdocs\vatthela.com\vatthela\framework\base\CComponent.php:130
Stack trace:
#0 C:\xampp\htdocs\vatthela.com\vatthela\framework\db\ar\CActiveRecord.php(145): CComponent->__get('cate')
#1 C:\xampp\htdocs\vatthela.com\vatthela\protected\components\views\slide.php(11): CActiveRecord->__get('cate')
#2 C:\xampp\htdocs\vatthela.com\vatthela\framework\web\CBaseController.php(130): require('C:\xampp\htdocs...')
#3 C:\xampp\htdocs\vatthela.com\vatthela\framework\web\CBaseController.php(95): CBaseController->renderInternal('C:\xampp\htdocs...', Array, false)
#4 C:\xampp\htdocs\vatthela.com\vatthela\framework\web\widgets\CWidget.php(244): CBaseController->renderFile('C:\xampp\htdocs...', Array, false)
#5 C:\xampp\htdocs\vatthela.com\vatthela\protected\components\Slide.php(5): CWidget->render('slide', Array)
#6 C:\xampp\htdocs\vatthela.com\vatthela\framework\web\CBaseController.php(147): Slide->init()
#7 C:\xampp\htdocs\vatthela.com\vatthela\framework\web\CBaseController.php(172): CBaseController->createWidget('application.com...', Array)
#8 C:\xampp\htdocs\vatthela.com\vatthela\protected\components\views\body_header.php(28): CBaseController->widget('application.com...')
#9 C:\xampp\htdocs\vatthela.com\vatthela\framework\web\CBaseController.php(130): require('C:\xampp\htdocs...')
#10 C:\xampp\htdocs\vatthela.com\vatthela\framework\web\CBaseController.php(95): CBaseController->renderInternal('C:\xampp\htdocs...', NULL, false)
#11 C:\xampp\htdocs\vatthela.com\vatthela\framework\web\widgets\CWidget.php(244): CBaseController->renderFile('C:\xampp\htdocs...', NULL, false)
#12 C:\xampp\htdocs\vatthela.com\vatthela\protected\components\Body_Header.php(4): CWidget->render('body_header')
#13 C:\xampp\htdocs\vatthela.com\vatthela\framework\web\CBaseController.php(147): Body_Header->init()
#14 C:\xampp\htdocs\vatthela.com\vatthela\framework\web\CBaseController.php(172): CBaseController->createWidget('application.com...', Array)
#15 C:\xampp\htdocs\vatthela.com\vatthela\themes\classic\views\layouts\main.php(10): CBaseController->widget('application.com...')
#16 C:\xampp\htdocs\vatthela.com\vatthela\framework\web\CBaseController.php(126): require('C:\xampp\htdocs...')
#17 C:\xampp\htdocs\vatthela.com\vatthela\framework\web\CBaseController.php(95): CBaseController->renderInternal('C:\xampp\htdocs...', Array, true)
#18 C:\xampp\htdocs\vatthela.com\vatthela\framework\web\widgets\CContentDecorator.php(76): CBaseController->renderFile('C:\xampp\htdocs...', Array, true)
#19 C:\xampp\htdocs\vatthela.com\vatthela\framework\web\widgets\CContentDecorator.php(54): CContentDecorator->decorate('<div id="conten...')
#20 C:\xampp\htdocs\vatthela.com\vatthela\framework\web\widgets\COutputProcessor.php(44): CContentDecorator->processOutput('<div id="conten...')
#21 C:\xampp\htdocs\vatthela.com\vatthela\framework\web\CBaseController.php(206): COutputProcessor->run()
#22 C:\xampp\htdocs\vatthela.com\vatthela\framework\web\CBaseController.php(300): CBaseController->endWidget('CContentDecorat...')
#23 C:\xampp\htdocs\vatthela.com\vatthela\protected\views\layouts\column1.php(6): CBaseController->endContent()
#24 C:\xampp\htdocs\vatthela.com\vatthela\framework\web\CBaseController.php(126): require('C:\xampp\htdocs...')
#25 C:\xampp\htdocs\vatthela.com\vatthela\framework\web\CBaseController.php(95): CBaseController->renderInternal('C:\xampp\htdocs...', Array, true)
#26 C:\xampp\htdocs\vatthela.com\vatthela\framework\web\CController.php(784): CBaseController->renderFile('C:\xampp\htdocs...', Array, true)
#27 C:\xampp\htdocs\vatthela.com\vatthela\protected\modules\Home\controllers\DefaultController.php(7): CController->render('index')
#28 C:\xampp\htdocs\vatthela.com\vatthela\framework\web\actions\CInlineAction.php(49): DefaultController->actionIndex()
#29 C:\xampp\htdocs\vatthela.com\vatthela\framework\web\CController.php(308): CInlineAction->runWithParams(Array)
#30 C:\xampp\htdocs\vatthela.com\vatthela\framework\web\CController.php(286): CController->runAction(Object(CInlineAction))
#31 C:\xampp\htdocs\vatthela.com\vatthela\framework\web\CController.php(265): CController->runActionWithFilters(Object(CInlineAction), Array)
#32 C:\xampp\htdocs\vatthela.com\vatthela\framework\web\CWebApplication.php(282): CController->run('index')
#33 C:\xampp\htdocs\vatthela.com\vatthela\framework\web\CWebApplication.php(141): CWebApplication->runController('')
#34 C:\xampp\htdocs\vatthela.com\vatthela\framework\base\CApplication.php(180): CWebApplication->processRequest()
#35 C:\xampp\htdocs\vatthela.com\vatthela\index.php(16): CApplication->run()
#36 {main}
REQUEST_URI=/vatthela.com/vatthela/
---
2014/05/19 10:55:59 [error] [exception.CException] exception 'CException' with message 'Property "Slideshow.cate" is not defined.' in C:\xampp\htdocs\vatthela.com\vatthela\framework\base\CComponent.php:130
Stack trace:
#0 C:\xampp\htdocs\vatthela.com\vatthela\framework\db\ar\CActiveRecord.php(145): CComponent->__get('cate')
#1 C:\xampp\htdocs\vatthela.com\vatthela\protected\components\views\slide.php(11): CActiveRecord->__get('cate')
#2 C:\xampp\htdocs\vatthela.com\vatthela\framework\web\CBaseController.php(130): require('C:\xampp\htdocs...')
#3 C:\xampp\htdocs\vatthela.com\vatthela\framework\web\CBaseController.php(95): CBaseController->renderInternal('C:\xampp\htdocs...', Array, false)
#4 C:\xampp\htdocs\vatthela.com\vatthela\framework\web\widgets\CWidget.php(244): CBaseController->renderFile('C:\xampp\htdocs...', Array, false)
#5 C:\xampp\htdocs\vatthela.com\vatthela\protected\components\Slide.php(5): CWidget->render('slide', Array)
#6 C:\xampp\htdocs\vatthela.com\vatthela\framework\web\CBaseController.php(147): Slide->init()
#7 C:\xampp\htdocs\vatthela.com\vatthela\framework\web\CBaseController.php(172): CBaseController->createWidget('application.com...', Array)
#8 C:\xampp\htdocs\vatthela.com\vatthela\protected\components\views\body_header.php(28): CBaseController->widget('application.com...')
#9 C:\xampp\htdocs\vatthela.com\vatthela\framework\web\CBaseController.php(130): require('C:\xampp\htdocs...')
#10 C:\xampp\htdocs\vatthela.com\vatthela\framework\web\CBaseController.php(95): CBaseController->renderInternal('C:\xampp\htdocs...', NULL, false)
#11 C:\xampp\htdocs\vatthela.com\vatthela\framework\web\widgets\CWidget.php(244): CBaseController->renderFile('C:\xampp\htdocs...', NULL, false)
#12 C:\xampp\htdocs\vatthela.com\vatthela\protected\components\Body_Header.php(4): CWidget->render('body_header')
#13 C:\xampp\htdocs\vatthela.com\vatthela\framework\web\CBaseController.php(147): Body_Header->init()
#14 C:\xampp\htdocs\vatthela.com\vatthela\framework\web\CBaseController.php(172): CBaseController->createWidget('application.com...', Array)
#15 C:\xampp\htdocs\vatthela.com\vatthela\themes\classic\views\layouts\main.php(10): CBaseController->widget('application.com...')
#16 C:\xampp\htdocs\vatthela.com\vatthela\framework\web\CBaseController.php(126): require('C:\xampp\htdocs...')
#17 C:\xampp\htdocs\vatthela.com\vatthela\framework\web\CBaseController.php(95): CBaseController->renderInternal('C:\xampp\htdocs...', Array, true)
#18 C:\xampp\htdocs\vatthela.com\vatthela\framework\web\widgets\CContentDecorator.php(76): CBaseController->renderFile('C:\xampp\htdocs...', Array, true)
#19 C:\xampp\htdocs\vatthela.com\vatthela\framework\web\widgets\CContentDecorator.php(54): CContentDecorator->decorate('<div id="conten...')
#20 C:\xampp\htdocs\vatthela.com\vatthela\framework\web\widgets\COutputProcessor.php(44): CContentDecorator->processOutput('<div id="conten...')
#21 C:\xampp\htdocs\vatthela.com\vatthela\framework\web\CBaseController.php(206): COutputProcessor->run()
#22 C:\xampp\htdocs\vatthela.com\vatthela\framework\web\CBaseController.php(300): CBaseController->endWidget('CContentDecorat...')
#23 C:\xampp\htdocs\vatthela.com\vatthela\protected\views\layouts\column1.php(6): CBaseController->endContent()
#24 C:\xampp\htdocs\vatthela.com\vatthela\framework\web\CBaseController.php(126): require('C:\xampp\htdocs...')
#25 C:\xampp\htdocs\vatthela.com\vatthela\framework\web\CBaseController.php(95): CBaseController->renderInternal('C:\xampp\htdocs...', Array, true)
#26 C:\xampp\htdocs\vatthela.com\vatthela\framework\web\CController.php(784): CBaseController->renderFile('C:\xampp\htdocs...', Array, true)
#27 C:\xampp\htdocs\vatthela.com\vatthela\protected\modules\Home\controllers\DefaultController.php(7): CController->render('index')
#28 C:\xampp\htdocs\vatthela.com\vatthela\framework\web\actions\CInlineAction.php(49): DefaultController->actionIndex()
#29 C:\xampp\htdocs\vatthela.com\vatthela\framework\web\CController.php(308): CInlineAction->runWithParams(Array)
#30 C:\xampp\htdocs\vatthela.com\vatthela\framework\web\CController.php(286): CController->runAction(Object(CInlineAction))
#31 C:\xampp\htdocs\vatthela.com\vatthela\framework\web\CController.php(265): CController->runActionWithFilters(Object(CInlineAction), Array)
#32 C:\xampp\htdocs\vatthela.com\vatthela\framework\web\CWebApplication.php(282): CController->run('index')
#33 C:\xampp\htdocs\vatthela.com\vatthela\framework\web\CWebApplication.php(141): CWebApplication->runController('')
#34 C:\xampp\htdocs\vatthela.com\vatthela\framework\base\CApplication.php(180): CWebApplication->processRequest()
#35 C:\xampp\htdocs\vatthela.com\vatthela\index.php(16): CApplication->run()
#36 {main}
REQUEST_URI=/vatthela.com/vatthela/
---
